TN:
SF:src/Practica/client/eventEmitterClient.ts
FN:12,(anonymous_0)
FN:21,(anonymous_1)
FNF:2
FNH:2
FNDA:1,(anonymous_0)
FNDA:3,(anonymous_1)
DA:1,1
DA:7,1
DA:13,1
DA:15,1
DA:21,1
DA:22,3
DA:24,3
DA:25,3
DA:26,1
DA:27,1
DA:28,1
DA:29,1
LF:12
LH:12
BRF:0
BRH:0
end_of_record
TN:
SF:src/Practica/server/eventEmitterServer.ts
FN:12,(anonymous_0)
FN:21,(anonymous_1)
FNF:2
FNH:2
FNDA:1,(anonymous_0)
FNDA:3,(anonymous_1)
DA:1,1
DA:7,1
DA:13,1
DA:15,1
DA:21,1
DA:22,3
DA:24,3
DA:25,3
DA:26,1
DA:27,1
DA:28,1
DA:29,1
LF:12
LH:12
BRF:0
BRH:0
end_of_record
